<?xml version="1.0" encoding="UTF-8"?>
<!-- Generated by org.testng.reporters.JUnitReportReporter -->
<testsuite hostname="Qa23" name="ex2.test2" tests="2" failures="0" timestamp="27 Jul 2017 11:25:42 GMT" time="0.013" errors="0">
  <testcase name="method3" time="0.009" classname="ex2.test2"/>
  <testcase name="method4" time="0.004" classname="ex2.test2"/>
</testsuite> <!-- ex2.test2 -->
